<?xml version="1.0" encoding="UTF-8"?>
<testng-results total="10" passed="10" failed="0" skipped="0">
  <reporter-output>
  </reporter-output>
  <suite started-at="2021-02-19T11:27:03Z" name="DemoSuite" finished-at="2021-02-19T11:27:07Z" duration-ms="4596">
    <groups>
    </groups>
    <test started-at="2021-02-19T11:27:03Z" name="DemoTest" finished-at="2021-02-19T11:27:07Z" duration-ms="4596">
      <class name="com.resrapitest.TextAssertion">
        <test-method signature="textAsset_Two()[pri:0, instance:com.resrapitest.TextAssertion@1da51a35]" started-at="2021-02-19T16:57:03Z" name="textAsset_Two" finished-at="2021-02-19T16:57:06Z" duration-ms="3371" status="PASS">
          <reporter-output>
          </reporter-output>
        </test-method> <!-- textAsset_Two -->
        <test-method signature="textAsset_One()[pri:0, instance:com.resrapitest.TextAssertion@1da51a35]" started-at="2021-02-19T16:57:03Z" name="textAsset_One" finished-at="2021-02-19T16:57:06Z" duration-ms="3320" status="PASS">
          <reporter-output>
          </reporter-output>
        </test-method> <!-- textAsset_One -->
        <test-method signature="textAsset()[pri:0, instance:com.resrapitest.TextAssertion@1da51a35]" started-at="2021-02-19T16:57:03Z" name="textAsset" finished-at="2021-02-19T16:57:06Z" duration-ms="3357" status="PASS">
          <reporter-output>
          </reporter-output>
        </test-method> <!-- textAsset -->
        <test-method signature="textAsset_three()[pri:0, instance:com.resrapitest.TextAssertion@1da51a35]" started-at="2021-02-19T16:57:03Z" name="textAsset_three" finished-at="2021-02-19T16:57:06Z" duration-ms="3325" status="PASS">
          <reporter-output>
          </reporter-output>
        </test-method> <!-- textAsset_three -->
      </class> <!-- com.resrapitest.TextAssertion -->
      <class name="com.resrapitest.DeserializationWithGenericsTest">
        <test-method signature="test_film()[pri:0, instance:com.resrapitest.DeserializationWithGenericsTest@6366ebe0]" started-at="2021-02-19T16:57:03Z" name="test_film" finished-at="2021-02-19T16:57:07Z" duration-ms="4576" status="PASS">
          <reporter-output>
          </reporter-output>
        </test-method> <!-- test_film -->
        <test-method signature="test_people()[pri:0, instance:com.resrapitest.DeserializationWithGenericsTest@6366ebe0]" started-at="2021-02-19T16:57:03Z" name="test_people" finished-at="2021-02-19T16:57:07Z" duration-ms="4576" status="PASS">
          <reporter-output>
          </reporter-output>
        </test-method> <!-- test_people -->
      </class> <!-- com.resrapitest.DeserializationWithGenericsTest -->
      <class name="com.resrapitest.NumericAssert">
        <test-method signature="test()[pri:0, instance:com.resrapitest.NumericAssert@44f75083]" started-at="2021-02-19T16:57:03Z" name="test" finished-at="2021-02-19T16:57:07Z" duration-ms="4171" status="PASS">
          <reporter-output>
          </reporter-output>
        </test-method> <!-- test -->
      </class> <!-- com.resrapitest.NumericAssert -->
      <class name="com.resrapitest.VerifyAssert">
        <test-method signature="textAssetThat()[pri:0, instance:com.resrapitest.VerifyAssert@2698dc7]" started-at="2021-02-19T16:57:03Z" name="textAssetThat" finished-at="2021-02-19T16:57:06Z" duration-ms="3382" status="PASS">
          <reporter-output>
          </reporter-output>
        </test-method> <!-- textAssetThat -->
        <test-method signature="textAssetThatWithList()[pri:0, instance:com.resrapitest.VerifyAssert@2698dc7]" started-at="2021-02-19T16:57:03Z" name="textAssetThatWithList" finished-at="2021-02-19T16:57:06Z" duration-ms="3658" status="PASS">
          <reporter-output>
          </reporter-output>
        </test-method> <!-- textAssetThatWithList -->
        <test-method signature="textAsset()[pri:0, instance:com.resrapitest.VerifyAssert@2698dc7]" started-at="2021-02-19T16:57:03Z" name="textAsset" finished-at="2021-02-19T16:57:06Z" duration-ms="3345" status="PASS">
          <reporter-output>
          </reporter-output>
        </test-method> <!-- textAsset -->
      </class> <!-- com.resrapitest.VerifyAssert -->
    </test> <!-- DemoTest -->
  </suite> <!-- DemoSuite -->
</testng-results>
