<?xml version="1.0" encoding="UTF-8"?>
<!-- Generated by org.testng.reporters.JUnitXMLReporter -->
<testsuite hostname="Apples-MBP.domain.name" failures="0" tests="10" name="DemoTest" time="4.596" errors="0" timestamp="19 Feb 2021 11:27:07 GMT">
  <testcase classname="com.resrapitest.TextAssertion" name="textAsset_One" time="3.32"/>
  <testcase classname="com.resrapitest.TextAssertion" name="textAsset_three" time="3.325"/>
  <testcase classname="com.resrapitest.VerifyAssert" name="textAsset" time="3.345"/>
  <testcase classname="com.resrapitest.TextAssertion" name="textAsset" time="3.357"/>
  <testcase classname="com.resrapitest.TextAssertion" name="textAsset_Two" time="3.371"/>
  <testcase classname="com.resrapitest.VerifyAssert" name="textAssetThat" time="3.382"/>
  <testcase classname="com.resrapitest.VerifyAssert" name="textAssetThatWithList" time="3.658"/>
  <testcase classname="com.resrapitest.NumericAssert" name="test" time="4.171"/>
  <testcase classname="com.resrapitest.DeserializationWithGenericsTest" name="test_film" time="4.576"/>
  <testcase classname="com.resrapitest.DeserializationWithGenericsTest" name="test_people" time="4.576"/>
</testsuite> <!-- DemoTest -->
